<?xml version="1.0" encoding="UTF-8"?>
<!-- Generated by org.testng.reporters.JUnitXMLReporter -->
<testsuite ignored="0" hostname="DESKTOP-O6J1HAH" failures="0" tests="9" name="All test" time="55.147" errors="0" timestamp="2026-02-19T19:35:15 IST">
  <testcase classname="com.automation.tests.StationSelectionTest" name="verifyStationDropDownData" time="9.941"/>
  <testcase classname="com.automation.tests.LoginTest" name="verifyLogin" time="11.457">
    <skipped/>
  </testcase> <!-- verifyLogin -->
  <testcase classname="com.automation.tests.LoginTest" name="verifyLogin" time="23.577"/>
  <testcase classname="com.automation.tests.LoginTest" name="verifyLogin" time="31.069"/>
  <testcase classname="com.automation.tests.LoginTest" name="verifyLogin" time="35.679"/>
  <testcase classname="com.automation.tests.LoginTest" name="verifyLogin" time="46.551"/>
  <testcase classname="com.automation.tests.LoginTest" name="verifyLogin" time="50.037"/>
  <testcase classname="com.automation.tests.LoginTest" name="verifyLogin" time="37.259"/>
  <testcase classname="com.automation.tests.LoginTest" name="verifyLogin" time="51.996"/>
</testsuite> <!-- All test -->
