<?xml version="1.0" encoding="UTF-8"?>
<!-- Generated by org.testng.reporters.JUnitXMLReporter -->
<testsuite ignored="0" hostname="DESKTOP-O6J1HAH" failures="0" tests="8" name="All test" time="35.799" errors="0" timestamp="2026-02-19T19:38:48 IST">
  <testcase classname="com.automation.tests.StationSelectionTest" name="verifyStationDropDownData" time="4.529"/>
  <testcase classname="com.automation.tests.LoginTest" name="verifyLogin" time="28.152"/>
  <testcase classname="com.automation.tests.LoginTest" name="verifyLogin" time="28.377"/>
  <testcase classname="com.automation.tests.LoginTest" name="verifyLogin" time="28.969"/>
  <testcase classname="com.automation.tests.LoginTest" name="verifyLogin" time="29.87"/>
  <testcase classname="com.automation.tests.LoginTest" name="verifyLogin" time="29.788"/>
  <testcase classname="com.automation.tests.LoginTest" name="verifyLogin" time="31.811"/>
  <testcase classname="com.automation.tests.LoginTest" name="verifyLogin" time="32.528"/>
</testsuite> <!-- All test -->
