<html>
<head>
<title>TestNG:  All test</title>
<link href="../testng.css" rel="stylesheet" type="text/css" />
<link href="../my-testng.css" rel="stylesheet" type="text/css" />

<style type="text/css">
.log { display: none;} 
.stack-trace { display: none;} 
</style>
<script type="text/javascript">
<!--
function flip(e) {
  current = e.style.display;
  if (current == 'block') {
    e.style.display = 'none';
    return 0;
  }
  else {
    e.style.display = 'block';
    return 1;
  }
}

function toggleBox(szDivId, elem, msg1, msg2)
{
  var res = -1;  if (document.getElementById) {
    res = flip(document.getElementById(szDivId));
  }
  else if (document.all) {
    // this is the way old msie versions work
    res = flip(document.all[szDivId]);
  }
  if(elem) {
    if(res == 0) elem.innerHTML = msg1; else elem.innerHTML = msg2;
  }

}

function toggleAllBoxes() {
  if (document.getElementsByTagName) {
    d = document.getElementsByTagName('div');
    for (i = 0; i < d.length; i++) {
      if (d[i].className == 'log') {
        flip(d[i]);
      }
    }
  }
}

// -->
</script>

</head>
<body>
<h2 align='center'>All test</h2><table border='1' align="center">
<tr>
<td>Tests passed/Failed/Skipped:</td><td>8/0/1</td>
</tr><tr>
<td>Started on:</td><td>Thu Feb 19 19:34:20 IST 2026</td>
</tr>
<tr><td>Total time:</td><td>55 seconds (55147 ms)</td>
</tr><tr>
<td>Included groups:</td><td></td>
</tr><tr>
<td>Excluded groups:</td><td></td>
</tr>
</table><p/>
<small><i>(Hover the method name to see the test class name)</i></small><p/>
<table width='100%' border='1' class='invocation-passed'>
<tr><td colspan='4' align='center'><b>PASSED TESTS</b></td></tr>
<tr><td><b>Test method</b></td>
<td><b>Attribute(s)</b></td>
<td width="30%"><b>Exception</b></td>
<td width="10%"><b>Time (seconds)</b></td>
<td><b>Instance</b></td>
</tr>
<tr>
<td title='com.automation.tests.StationSelectionTest.verifyStationDropDownData()'><b>verifyStationDropDownData</b><br>Test class: com.automation.tests.StationSelectionTest</td>
<td></td>
<td>9</td>
<td>com.automation.tests.StationSelectionTest@548e76f1</td></tr>
<tr>
<td title='com.automation.tests.LoginTest.verifyLogin()'><b>verifyLogin</b><br>Test class: com.automation.tests.LoginTest<br>Parameters: Admin, #admin@123, invalid</td>
<td></td>
<td>50</td>
<td>com.automation.tests.LoginTest@579d011c</td></tr>
<tr>
<td title='com.automation.tests.LoginTest.verifyLogin()'><b>verifyLogin</b><br>Test class: com.automation.tests.LoginTest<br>Parameters: dheeraj, saini, invalid</td>
<td></td>
<td>23</td>
<td>com.automation.tests.LoginTest@579d011c</td></tr>
<tr>
<td title='com.automation.tests.LoginTest.verifyLogin()'><b>verifyLogin</b><br>Test class: com.automation.tests.LoginTest<br>Parameters: demo, fsdfasd, invalid</td>
<td></td>
<td>35</td>
<td>com.automation.tests.LoginTest@579d011c</td></tr>
<tr>
<td title='com.automation.tests.LoginTest.verifyLogin()'><b>verifyLogin</b><br>Test class: com.automation.tests.LoginTest<br>Parameters: demo, herewe$5#2, invalid</td>
<td></td>
<td>37</td>
<td>com.automation.tests.LoginTest@579d011c</td></tr>
<tr>
<td title='com.automation.tests.LoginTest.verifyLogin()'><b>verifyLogin</b><br>Test class: com.automation.tests.LoginTest<br>Parameters: demo, dfasdfe, invalid</td>
<td></td>
<td>46</td>
<td>com.automation.tests.LoginTest@579d011c</td></tr>
<tr>
<td title='com.automation.tests.LoginTest.verifyLogin()'><b>verifyLogin</b><br>Test class: com.automation.tests.LoginTest<br>Parameters: Admin, admin123, valid</td>
<td></td>
<td>31</td>
<td>com.automation.tests.LoginTest@579d011c</td></tr>
<tr>
<td title='com.automation.tests.LoginTest.verifyLogin()'><b>verifyLogin</b><br>Test class: com.automation.tests.LoginTest<br>Parameters: Admin, admin123, valid</td>
<td></td>
<td>51</td>
<td>com.automation.tests.LoginTest@579d011c</td></tr>
</table><p>
<table width='100%' border='1' class='invocation-skipped'>
<tr><td colspan='4' align='center'><b>SKIPPED TESTS</b></td></tr>
<tr><td><b>Test method</b></td>
<td><b>Attribute(s)</b></td>
<td width="30%"><b>Exception</b></td>
<td width="10%"><b>Time (seconds)</b></td>
<td><b>Instance</b></td>
</tr>
<tr>
<td title='com.automation.tests.LoginTest.verifyLogin()'><b>verifyLogin</b><br>Test class: com.automation.tests.LoginTest<br>Parameters: demo, herewe$5#2, invalid</td>
<td><div><pre>org.openqa.selenium.TimeoutException: Expected condition failed: waiting for visibility of element found by By.name: username, but... org.openqa.selenium.NoSuchElementException: no such element: Unable to locate element: {&quot;method&quot;:&quot;css selector&quot;,&quot;selector&quot;:&quot;*[name=&apos;username&apos;]&quot;}.
(tried for 10 seconds with 500 milliseconds interval)
Build info: version: &apos;4.40.0&apos;, revision: &apos;b3333f1&apos;
System info: os.name: &apos;Windows 11&apos;, os.arch: &apos;amd64&apos;, os.version: &apos;10.0&apos;, java.version: &apos;17.0.17&apos;
Driver info: org.openqa.selenium.chrome.ChromeDriver
Capabilities {acceptInsecureCerts: false, browserName: chrome, browserVersion: 144.0.7559.133, chrome: {chromedriverVersion: 144.0.7559.133 (7da823b1d59..., userDataDir: C:\Users\Dheeraj\AppData\Lo...}, fedcm:accounts: true, goog:chromeOptions: {debuggerAddress: localhost:60419}, goog:processID: 15524, networkConnectionEnabled: false, pageLoadStrategy: normal, platformName: windows, proxy: Proxy(), se:cdp: ws://localhost:60419/devtoo..., se:cdpVersion: 144.0.7559.133, setWindowRect: true, strictFileInteractability: false, timeouts: {implicit: 0, pageLoad: 300000, script: 30000}, unhandledPromptBehavior: dismiss and notify, webauthn:extension:credBlob: true, webauthn:extension:largeBlob: true, webauthn:extension:minPinLength: true, webauthn:extension:prf: true, webauthn:virtualAuthenticators: true}
Session ID: 29ea42c46064d6797b2a475c8fb221ef
	at org.openqa.selenium.support.ui.WebDriverWait.timeoutException(WebDriverWait.java:84)
	at org.openqa.selenium.support.ui.FluentWait.until(FluentWait.java:231)
	at com.automation.framework.utils.WaitUtil.waitForVisibility(WaitUtil.java:23)
	at com.automation.framework.pages.LoginPage.enterUsername(LoginPage.java:21)
	at com.automation.framework.pages.LoginPage.login(LoginPage.java:47)
	at com.automation.tests.LoginTest.verifyLogin(LoginTest.java:25)
	at java.base/java.util.concurrent.ThreadPoolExecutor.runWorker(ThreadPoolExecutor.java:1136)
	at java.base/java.util.concurrent.ThreadPoolExecutor$Worker.run(ThreadPoolExecutor.java:635)
	at java.base/java.lang.Thread.run(Thread.java:840)
... Removed 9 stack frames</pre></div><a href='#' onClick='toggleBox("stack-trace175405581", this, "Click to show all stack frames", "Click to hide stack frames")'>Click to show all stack frames</a>
<div class='stack-trace' id='stack-trace175405581'><pre>org.openqa.selenium.TimeoutException: Expected condition failed: waiting for visibility of element found by By.name: username, but... org.openqa.selenium.NoSuchElementException: no such element: Unable to locate element: {&quot;method&quot;:&quot;css selector&quot;,&quot;selector&quot;:&quot;*[name=&apos;username&apos;]&quot;}.
(tried for 10 seconds with 500 milliseconds interval)
Build info: version: &apos;4.40.0&apos;, revision: &apos;b3333f1&apos;
System info: os.name: &apos;Windows 11&apos;, os.arch: &apos;amd64&apos;, os.version: &apos;10.0&apos;, java.version: &apos;17.0.17&apos;
Driver info: org.openqa.selenium.chrome.ChromeDriver
Capabilities {acceptInsecureCerts: false, browserName: chrome, browserVersion: 144.0.7559.133, chrome: {chromedriverVersion: 144.0.7559.133 (7da823b1d59..., userDataDir: C:\Users\Dheeraj\AppData\Lo...}, fedcm:accounts: true, goog:chromeOptions: {debuggerAddress: localhost:60419}, goog:processID: 15524, networkConnectionEnabled: false, pageLoadStrategy: normal, platformName: windows, proxy: Proxy(), se:cdp: ws://localhost:60419/devtoo..., se:cdpVersion: 144.0.7559.133, setWindowRect: true, strictFileInteractability: false, timeouts: {implicit: 0, pageLoad: 300000, script: 30000}, unhandledPromptBehavior: dismiss and notify, webauthn:extension:credBlob: true, webauthn:extension:largeBlob: true, webauthn:extension:minPinLength: true, webauthn:extension:prf: true, webauthn:virtualAuthenticators: true}
Session ID: 29ea42c46064d6797b2a475c8fb221ef
	at org.openqa.selenium.support.ui.WebDriverWait.timeoutException(WebDriverWait.java:84)
	at org.openqa.selenium.support.ui.FluentWait.until(FluentWait.java:231)
	at com.automation.framework.utils.WaitUtil.waitForVisibility(WaitUtil.java:23)
	at com.automation.framework.pages.LoginPage.enterUsername(LoginPage.java:21)
	at com.automation.framework.pages.LoginPage.login(LoginPage.java:47)
	at com.automation.tests.LoginTest.verifyLogin(LoginTest.java:25)
	at java.base/jdk.internal.reflect.NativeMethodAccessorImpl.invoke0(Native Method)
	at java.base/jdk.internal.reflect.NativeMethodAccessorImpl.invoke(NativeMethodAccessorImpl.java:77)
	at java.base/jdk.internal.reflect.DelegatingMethodAccessorImpl.invoke(DelegatingMethodAccessorImpl.java:43)
	at java.base/java.lang.reflect.Method.invoke(Method.java:569)
	at org.testng.internal.invokers.MethodInvocationHelper.invokeMethod(MethodInvocationHelper.java:141)
	at org.testng.internal.invokers.TestInvoker.invokeMethod(TestInvoker.java:687)
	at org.testng.internal.invokers.TestInvoker.invokeTestMethod(TestInvoker.java:230)
	at org.testng.internal.invokers.TestMethodWithDataProviderMethodWorker.call(TestMethodWithDataProviderMethodWorker.java:81)
	at org.testng.internal.thread.Async$AsyncTask.run(Async.java:34)
	at java.base/java.util.concurrent.ThreadPoolExecutor.runWorker(ThreadPoolExecutor.java:1136)
	at java.base/java.util.concurrent.ThreadPoolExecutor$Worker.run(ThreadPoolExecutor.java:635)
	at java.base/java.lang.Thread.run(Thread.java:840)
</pre></div></td>
<td>11</td>
<td>com.automation.tests.LoginTest@579d011c</td></tr>
</table><p>
</body>
</html>