<?xml version="1.0" encoding="UTF-8"?>
<testng-results ignored="0" total="8" passed="8" failed="0" skipped="0">
  <reporter-output>
  </reporter-output>
  <suite started-at="2026-02-19T19:38:12 IST" name="AutomationSuite" finished-at="2026-02-19T19:38:47 IST" duration-ms="35799">
    <groups>
    </groups>
    <test started-at="2026-02-19T19:38:12 IST" name="All test" finished-at="2026-02-19T19:38:47 IST" duration-ms="35799">
      <class name="com.automation.tests.StationSelectionTest">
        <test-method is-config="true" signature="setup()[pri:0, instance:com.automation.tests.StationSelectionTest@548e76f1]" started-at="2026-02-19T19:38:12 IST" name="setup" finished-at="2026-02-19T19:38:15 IST" duration-ms="3337" status="PASS">
          <reporter-output>
          </reporter-output>
        </test-method> <!-- setup -->
        <test-method signature="verifyStationDropDownData()[pri:0, instance:com.automation.tests.StationSelectionTest@548e76f1]" started-at="2026-02-19T19:38:15 IST" name="verifyStationDropDownData" finished-at="2026-02-19T19:38:20 IST" duration-ms="4529" status="PASS">
          <reporter-output>
          </reporter-output>
        </test-method> <!-- verifyStationDropDownData -->
        <test-method is-config="true" signature="tearDown()[pri:0, instance:com.automation.tests.StationSelectionTest@548e76f1]" started-at="2026-02-19T19:38:20 IST" name="tearDown" finished-at="2026-02-19T19:38:20 IST" duration-ms="214" status="PASS">
          <reporter-output>
          </reporter-output>
        </test-method> <!-- tearDown -->
      </class> <!-- com.automation.tests.StationSelectionTest -->
      <class name="com.automation.tests.LoginTest">
        <test-method is-config="true" signature="setup()[pri:0, instance:com.automation.tests.LoginTest@579d011c]" started-at="2026-02-19T19:38:12 IST" name="setup" finished-at="2026-02-19T19:38:15 IST" duration-ms="2740" status="PASS">
          <reporter-output>
          </reporter-output>
        </test-method> <!-- setup -->
        <test-method is-config="true" signature="setup()[pri:0, instance:com.automation.tests.LoginTest@579d011c]" started-at="2026-02-19T19:38:12 IST" name="setup" finished-at="2026-02-19T19:38:15 IST" duration-ms="2540" status="PASS">
          <reporter-output>
          </reporter-output>
        </test-method> <!-- setup -->
        <test-method is-config="true" signature="setup()[pri:0, instance:com.automation.tests.LoginTest@579d011c]" started-at="2026-02-19T19:38:12 IST" name="setup" finished-at="2026-02-19T19:38:15 IST" duration-ms="2777" status="PASS">
          <reporter-output>
          </reporter-output>
        </test-method> <!-- setup -->
        <test-method is-config="true" signature="setup()[pri:0, instance:com.automation.tests.LoginTest@579d011c]" started-at="2026-02-19T19:38:12 IST" name="setup" finished-at="2026-02-19T19:38:15 IST" duration-ms="2575" status="PASS">
          <reporter-output>
          </reporter-output>
        </test-method> <!-- setup -->
        <test-method is-config="true" signature="setup()[pri:0, instance:com.automation.tests.LoginTest@579d011c]" started-at="2026-02-19T19:38:12 IST" name="setup" finished-at="2026-02-19T19:38:15 IST" duration-ms="2396" status="PASS">
          <reporter-output>
          </reporter-output>
        </test-method> <!-- setup -->
        <test-method is-config="true" signature="setup()[pri:0, instance:com.automation.tests.LoginTest@579d011c]" started-at="2026-02-19T19:38:12 IST" name="setup" finished-at="2026-02-19T19:38:15 IST" duration-ms="2773" status="PASS">
          <reporter-output>
          </reporter-output>
        </test-method> <!-- setup -->
        <test-method is-config="true" signature="setup()[pri:0, instance:com.automation.tests.LoginTest@579d011c]" started-at="2026-02-19T19:38:12 IST" name="setup" finished-at="2026-02-19T19:38:15 IST" duration-ms="2763" status="PASS">
          <reporter-output>
          </reporter-output>
        </test-method> <!-- setup -->
        <test-method signature="verifyLogin(java.lang.String,java.lang.String,java.lang.String)[pri:0, instance:com.automation.tests.LoginTest@579d011c]" started-at="2026-02-19T19:38:15 IST" name="verifyLogin" data-provider="loginData" finished-at="2026-02-19T19:38:47 IST" duration-ms="32528" status="PASS">
          <params>
            <param index="0">
              <value>
                <![CDATA[Admin]]>
              </value>
            </param>
            <param index="1">
              <value>
                <![CDATA[admin123]]>
              </value>
            </param>
            <param index="2">
              <value>
                <![CDATA[valid]]>
              </value>
            </param>
          </params>
          <reporter-output>
          </reporter-output>
        </test-method> <!-- verifyLogin -->
        <test-method signature="verifyLogin(java.lang.String,java.lang.String,java.lang.String)[pri:0, instance:com.automation.tests.LoginTest@579d011c]" started-at="2026-02-19T19:38:15 IST" name="verifyLogin" data-provider="loginData" finished-at="2026-02-19T19:38:47 IST" duration-ms="31811" status="PASS">
          <params>
            <param index="0">
              <value>
                <![CDATA[Admin]]>
              </value>
            </param>
            <param index="1">
              <value>
                <![CDATA[admin123]]>
              </value>
            </param>
            <param index="2">
              <value>
                <![CDATA[valid]]>
              </value>
            </param>
          </params>
          <reporter-output>
          </reporter-output>
        </test-method> <!-- verifyLogin -->
        <test-method signature="verifyLogin(java.lang.String,java.lang.String,java.lang.String)[pri:0, instance:com.automation.tests.LoginTest@579d011c]" started-at="2026-02-19T19:38:15 IST" name="verifyLogin" data-provider="loginData" finished-at="2026-02-19T19:38:45 IST" duration-ms="29870" status="PASS">
          <params>
            <param index="0">
              <value>
                <![CDATA[demo]]>
              </value>
            </param>
            <param index="1">
              <value>
                <![CDATA[dfasdfe]]>
              </value>
            </param>
            <param index="2">
              <value>
                <![CDATA[invalid]]>
              </value>
            </param>
          </params>
          <reporter-output>
          </reporter-output>
        </test-method> <!-- verifyLogin -->
        <test-method signature="verifyLogin(java.lang.String,java.lang.String,java.lang.String)[pri:0, instance:com.automation.tests.LoginTest@579d011c]" started-at="2026-02-19T19:38:15 IST" name="verifyLogin" data-provider="loginData" finished-at="2026-02-19T19:38:43 IST" duration-ms="28152" status="PASS">
          <params>
            <param index="0">
              <value>
                <![CDATA[Admin]]>
              </value>
            </param>
            <param index="1">
              <value>
                <![CDATA[#admin@123]]>
              </value>
            </param>
            <param index="2">
              <value>
                <![CDATA[invalid]]>
              </value>
            </param>
          </params>
          <reporter-output>
          </reporter-output>
        </test-method> <!-- verifyLogin -->
        <test-method signature="verifyLogin(java.lang.String,java.lang.String,java.lang.String)[pri:0, instance:com.automation.tests.LoginTest@579d011c]" started-at="2026-02-19T19:38:15 IST" name="verifyLogin" data-provider="loginData" finished-at="2026-02-19T19:38:44 IST" duration-ms="28969" status="PASS">
          <params>
            <param index="0">
              <value>
                <![CDATA[demo]]>
              </value>
            </param>
            <param index="1">
              <value>
                <![CDATA[herewe$5#2]]>
              </value>
            </param>
            <param index="2">
              <value>
                <![CDATA[invalid]]>
              </value>
            </param>
          </params>
          <reporter-output>
          </reporter-output>
        </test-method> <!-- verifyLogin -->
        <test-method signature="verifyLogin(java.lang.String,java.lang.String,java.lang.String)[pri:0, instance:com.automation.tests.LoginTest@579d011c]" started-at="2026-02-19T19:38:15 IST" name="verifyLogin" data-provider="loginData" finished-at="2026-02-19T19:38:45 IST" duration-ms="29788" status="PASS">
          <params>
            <param index="0">
              <value>
                <![CDATA[demo]]>
              </value>
            </param>
            <param index="1">
              <value>
                <![CDATA[fsdfasd]]>
              </value>
            </param>
            <param index="2">
              <value>
                <![CDATA[invalid]]>
              </value>
            </param>
          </params>
          <reporter-output>
          </reporter-output>
        </test-method> <!-- verifyLogin -->
        <test-method signature="verifyLogin(java.lang.String,java.lang.String,java.lang.String)[pri:0, instance:com.automation.tests.LoginTest@579d011c]" started-at="2026-02-19T19:38:15 IST" name="verifyLogin" data-provider="loginData" finished-at="2026-02-19T19:38:44 IST" duration-ms="28377" status="PASS">
          <params>
            <param index="0">
              <value>
                <![CDATA[dheeraj]]>
              </value>
            </param>
            <param index="1">
              <value>
                <![CDATA[saini]]>
              </value>
            </param>
            <param index="2">
              <value>
                <![CDATA[invalid]]>
              </value>
            </param>
          </params>
          <reporter-output>
          </reporter-output>
        </test-method> <!-- verifyLogin -->
        <test-method is-config="true" signature="tearDown()[pri:0, instance:com.automation.tests.LoginTest@579d011c]" started-at="2026-02-19T19:38:43 IST" name="tearDown" finished-at="2026-02-19T19:38:43 IST" duration-ms="202" status="PASS">
          <reporter-output>
          </reporter-output>
        </test-method> <!-- tearDown -->
        <test-method is-config="true" signature="tearDown()[pri:0, instance:com.automation.tests.LoginTest@579d011c]" started-at="2026-02-19T19:38:44 IST" name="tearDown" finished-at="2026-02-19T19:38:44 IST" duration-ms="160" status="PASS">
          <reporter-output>
          </reporter-output>
        </test-method> <!-- tearDown -->
        <test-method is-config="true" signature="tearDown()[pri:0, instance:com.automation.tests.LoginTest@579d011c]" started-at="2026-02-19T19:38:44 IST" name="tearDown" finished-at="2026-02-19T19:38:44 IST" duration-ms="306" status="PASS">
          <reporter-output>
          </reporter-output>
        </test-method> <!-- tearDown -->
        <test-method is-config="true" signature="tearDown()[pri:0, instance:com.automation.tests.LoginTest@579d011c]" started-at="2026-02-19T19:38:45 IST" name="tearDown" finished-at="2026-02-19T19:38:47 IST" duration-ms="1702" status="PASS">
          <reporter-output>
          </reporter-output>
        </test-method> <!-- tearDown -->
        <test-method is-config="true" signature="tearDown()[pri:0, instance:com.automation.tests.LoginTest@579d011c]" started-at="2026-02-19T19:38:45 IST" name="tearDown" finished-at="2026-02-19T19:38:45 IST" duration-ms="180" status="PASS">
          <reporter-output>
          </reporter-output>
        </test-method> <!-- tearDown -->
        <test-method is-config="true" signature="tearDown()[pri:0, instance:com.automation.tests.LoginTest@579d011c]" started-at="2026-02-19T19:38:47 IST" name="tearDown" finished-at="2026-02-19T19:38:47 IST" duration-ms="239" status="PASS">
          <reporter-output>
          </reporter-output>
        </test-method> <!-- tearDown -->
        <test-method is-config="true" signature="tearDown()[pri:0, instance:com.automation.tests.LoginTest@579d011c]" started-at="2026-02-19T19:38:47 IST" name="tearDown" finished-at="2026-02-19T19:38:47 IST" duration-ms="155" status="PASS">
          <reporter-output>
          </reporter-output>
        </test-method> <!-- tearDown -->
      </class> <!-- com.automation.tests.LoginTest -->
    </test> <!-- All test -->
  </suite> <!-- AutomationSuite -->
</testng-results>
