<?xml version="1.0" encoding="UTF-8"?>
<!-- Generated by org.testng.reporters.JUnitReportReporter -->
<testsuite hostname="DESKTOP-O6J1HAH" failures="0" tests="7" name="com.automation.tests.LoginTest" time="330.069" errors="0" timestamp="2026-02-19T00:09:22 IST" skipped="0">
  <testcase classname="com.automation.tests.LoginTest" name="verifyLogin" time="39.721"/>
  <testcase classname="com.automation.tests.LoginTest" name="verifyLogin" time="47.219"/>
  <testcase classname="com.automation.tests.LoginTest" name="verifyLogin" time="53.856"/>
  <testcase classname="com.automation.tests.LoginTest" name="verifyLogin" time="46.747"/>
  <testcase classname="com.automation.tests.LoginTest" name="verifyLogin" time="49.886"/>
  <testcase classname="com.automation.tests.LoginTest" name="verifyLogin" time="46.813"/>
  <testcase classname="com.automation.tests.LoginTest" name="verifyLogin" time="45.827"/>
</testsuite> <!-- com.automation.tests.LoginTest -->
