<?xml version="1.0" encoding="UTF-8"?>
<!-- Generated by org.testng.reporters.JUnitReportReporter -->
<testsuite hostname="DESKTOP-O6J1HAH" failures="0" tests="8" name="com.automation.tests.LoginTest" time="310.144" errors="0" timestamp="2026-02-19T19:35:15 IST" skipped="1">
  <testcase classname="com.automation.tests.LoginTest" name="verifyLogin" time="51.219"/>
  <testcase classname="com.automation.tests.LoginTest" name="verifyLogin" time="27.428"/>
  <testcase classname="com.automation.tests.LoginTest" name="verifyLogin" time="38.137"/>
  <testcase classname="com.automation.tests.LoginTest" name="verifyLogin" time="40.893"/>
  <testcase classname="com.automation.tests.LoginTest" name="verifyLogin" time="49.071"/>
  <testcase classname="com.automation.tests.LoginTest" name="verifyLogin" time="33.542"/>
  <testcase classname="com.automation.tests.LoginTest" name="verifyLogin" time="13.884">
    <skipped/>
  </testcase> <!-- verifyLogin -->
  <testcase classname="com.automation.tests.LoginTest" name="verifyLogin" time="55.970"/>
</testsuite> <!-- com.automation.tests.LoginTest -->
